Analysis & Synthesis report for lab3
Mon Mar 10 14:14:56 2014
Quartus II Version 11.0 Build 208 07/03/2011 Service Pack 1 SJ Web Edition


---------------------
; Table of Contents ;
---------------------
  1. Legal Notice
  2. Analysis & Synthesis Summary
  3. Analysis & Synthesis Settings
  4. Parallel Compilation
  5. Analysis & Synthesis Source Files Read
  6. Analysis & Synthesis Resource Usage Summary
  7. Analysis & Synthesis Resource Utilization by Entity
  8. Registers Removed During Synthesis
  9. General Register Statistics
 10. Parameter Settings for User Entity Instance: var_clk:clockGenerator|pclock:counter_10MHz
 11. Parameter Settings for User Entity Instance: var_clk:clockGenerator|pclock:counter_1MHz
 12. Parameter Settings for User Entity Instance: var_clk:clockGenerator|pclock:counter_100kHz
 13. Parameter Settings for User Entity Instance: var_clk:clockGenerator|pclock:counter_10kHz
 14. Parameter Settings for User Entity Instance: var_clk:clockGenerator|pclock:counter_1kHz
 15. Parameter Settings for User Entity Instance: var_clk:clockGenerator|pclock:counter_100Hz
 16. Parameter Settings for User Entity Instance: var_clk:clockGenerator|pclock:counter_10Hz
 17. Parameter Settings for User Entity Instance: var_clk:clockGenerator|pclock:counter_1Hz
 18. Port Connectivity Checks: "var_clk:clockGenerator|pclock:counter_1Hz"
 19. Port Connectivity Checks: "var_clk:clockGenerator|pclock:counter_10MHz"
 20. Port Connectivity Checks: "tcounter:h0"
 21. Elapsed Time Per Partition
 22. Analysis & Synthesis Messages



----------------
; Legal Notice ;
----------------
Copyright (C) 1991-2011 Altera Corporation
Your use of Altera Corporation's design tools, logic functions 
and other software and tools, and its AMPP partner logic 
functions, and any output files from any of the foregoing 
(including device programming or simulation files), and any 
associated documentation or information are expressly subject 
to the terms and conditions of the Altera Program License 
Subscription Agreement, Altera MegaCore Function License 
Agreement, or other applicable license agreement, including, 
without limitation, that your use is for the sole purpose of 
programming logic devices manufactured by Altera and sold by 
Altera or its authorized distributors.  Please refer to the 
applicable agreement for further details.



+------------------------------------------------------------------------------------+
; Analysis & Synthesis Summary                                                       ;
+------------------------------------+-----------------------------------------------+
; Analysis & Synthesis Status        ; Successful - Mon Mar 10 14:14:56 2014         ;
; Quartus II Version                 ; 11.0 Build 208 07/03/2011 SP 1 SJ Web Edition ;
; Revision Name                      ; lab3                                          ;
; Top-level Entity Name              ; lab3                                          ;
; Family                             ; Cyclone II                                    ;
; Total logic elements               ; 135                                           ;
;     Total combinational functions  ; 135                                           ;
;     Dedicated logic registers      ; 52                                            ;
; Total registers                    ; 52                                            ;
; Total pins                         ; 83                                            ;
; Total virtual pins                 ; 0                                             ;
; Total memory bits                  ; 0                                             ;
; Embedded Multiplier 9-bit elements ; 0                                             ;
; Total PLLs                         ; 0                                             ;
+------------------------------------+-----------------------------------------------+


+----------------------------------------------------------------------------------------------------------------------+
; Analysis & Synthesis Settings                                                                                        ;
+----------------------------------------------------------------------------+--------------------+--------------------+
; Option                                                                     ; Setting            ; Default Value      ;
+----------------------------------------------------------------------------+--------------------+--------------------+
; Device                                                                     ; EP2C35F672C6       ;                    ;
; Top-level entity name                                                      ; lab3               ; lab3               ;
; Family name                                                                ; Cyclone II         ; Cyclone IV GX      ;
; Use smart compilation                                                      ; Off                ; Off                ;
; Enable parallel Assembler and TimeQuest Timing Analyzer during compilation ; On                 ; On                 ;
; Enable compact report table                                                ; Off                ; Off                ;
; Restructure Multiplexers                                                   ; Auto               ; Auto               ;
; Create Debugging Nodes for IP Cores                                        ; Off                ; Off                ;
; Preserve fewer node names                                                  ; On                 ; On                 ;
; Disable OpenCore Plus hardware evaluation                                  ; Off                ; Off                ;
; Verilog Version                                                            ; Verilog_2001       ; Verilog_2001       ;
; VHDL Version                                                               ; VHDL_1993          ; VHDL_1993          ;
; State Machine Processing                                                   ; Auto               ; Auto               ;
; Safe State Machine                                                         ; Off                ; Off                ;
; Extract Verilog State Machines                                             ; On                 ; On                 ;
; Extract VHDL State Machines                                                ; On                 ; On                 ;
; Ignore Verilog initial constructs                                          ; Off                ; Off                ;
; Iteration limit for constant Verilog loops                                 ; 5000               ; 5000               ;
; Iteration limit for non-constant Verilog loops                             ; 250                ; 250                ;
; Add Pass-Through Logic to Inferred RAMs                                    ; On                 ; On                 ;
; Parallel Synthesis                                                         ; On                 ; On                 ;
; DSP Block Balancing                                                        ; Auto               ; Auto               ;
; NOT Gate Push-Back                                                         ; On                 ; On                 ;
; Power-Up Don't Care                                                        ; On                 ; On                 ;
; Remove Redundant Logic Cells                                               ; Off                ; Off                ;
; Remove Duplicate Registers                                                 ; On                 ; On                 ;
; Ignore CARRY Buffers                                                       ; Off                ; Off                ;
; Ignore CASCADE Buffers                                                     ; Off                ; Off                ;
; Ignore GLOBAL Buffers                                                      ; Off                ; Off                ;
; Ignore ROW GLOBAL Buffers                                                  ; Off                ; Off                ;
; Ignore LCELL Buffers                                                       ; Off                ; Off                ;
; Ignore SOFT Buffers                                                        ; On                 ; On                 ;
; Limit AHDL Integers to 32 Bits                                             ; Off                ; Off                ;
; Optimization Technique                                                     ; Balanced           ; Balanced           ;
; Carry Chain Length                                                         ; 70                 ; 70                 ;
; Auto Carry Chains                                                          ; On                 ; On                 ;
; Auto Open-Drain Pins                                                       ; On                 ; On                 ;
; Perform WYSIWYG Primitive Resynthesis                                      ; Off                ; Off                ;
; Auto ROM Replacement                                                       ; On                 ; On                 ;
; Auto RAM Replacement                                                       ; On                 ; On                 ;
; Auto Shift Register Replacement                                            ; Auto               ; Auto               ;
; Allow Shift Register Merging across Hierarchies                            ; Auto               ; Auto               ;
; Auto Clock Enable Replacement                                              ; On                 ; On                 ;
; Strict RAM Replacement                                                     ; Off                ; Off                ;
; Allow Synchronous Control Signals                                          ; On                 ; On                 ;
; Force Use of Synchronous Clear Signals                                     ; Off                ; Off                ;
; Auto RAM to Logic Cell Conversion                                          ; Off                ; Off                ;
; Auto Resource Sharing                                                      ; Off                ; Off                ;
; Allow Any RAM Size For Recognition                                         ; Off                ; Off                ;
; Allow Any ROM Size For Recognition                                         ; Off                ; Off                ;
; Allow Any Shift Register Size For Recognition                              ; Off                ; Off                ;
; Use LogicLock Constraints during Resource Balancing                        ; On                 ; On                 ;
; Ignore translate_off and synthesis_off directives                          ; Off                ; Off                ;
; Timing-Driven Synthesis                                                    ; Off                ; Off                ;
; Report Parameter Settings                                                  ; On                 ; On                 ;
; Report Source Assignments                                                  ; On                 ; On                 ;
; Report Connectivity Checks                                                 ; On                 ; On                 ;
; Ignore Maximum Fan-Out Assignments                                         ; Off                ; Off                ;
; Synchronization Register Chain Length                                      ; 2                  ; 2                  ;
; PowerPlay Power Optimization                                               ; Normal compilation ; Normal compilation ;
; HDL message level                                                          ; Level2             ; Level2             ;
; Suppress Register Optimization Related Messages                            ; Off                ; Off                ;
; Number of Removed Registers Reported in Synthesis Report                   ; 5000               ; 5000               ;
; Number of Inverted Registers Reported in Synthesis Report                  ; 100                ; 100                ;
; Clock MUX Protection                                                       ; On                 ; On                 ;
; Auto Gated Clock Conversion                                                ; Off                ; Off                ;
; Block Design Naming                                                        ; Auto               ; Auto               ;
; SDC constraint protection                                                  ; Off                ; Off                ;
; Synthesis Effort                                                           ; Auto               ; Auto               ;
; Shift Register Replacement - Allow Asynchronous Clear Signal               ; On                 ; On                 ;
; Analysis & Synthesis Message Level                                         ; Medium             ; Medium             ;
; Disable Register Merging Across Hierarchies                                ; Auto               ; Auto               ;
; Resource Aware Inference For Block RAM                                     ; On                 ; On                 ;
; Synthesis Seed                                                             ; 1                  ; 1                  ;
+----------------------------------------------------------------------------+--------------------+--------------------+


Parallel compilation was disabled, but you have multiple processors available. Enable parallel compilation to reduce compilation time.
+-------------------------------------+
; Parallel Compilation                ;
+----------------------------+--------+
; Processors                 ; Number ;
+----------------------------+--------+
; Number detected on machine ; 4      ;
; Maximum allowed            ; 1      ;
+----------------------------+--------+


+-----------------------------------------------------------------------------------------------------------------------------+
; Analysis & Synthesis Source Files Read                                                                                      ;
+----------------------------------+-----------------+------------------------+-----------------------------------------------+
; File Name with User-Entered Path ; Used in Netlist ; File Type              ; File Name with Absolute Path                  ;
+----------------------------------+-----------------+------------------------+-----------------------------------------------+
; lab3.v                           ; yes             ; User Verilog HDL File  ; C:/Users/Alex/Desktop/lab3/lab3.v             ;
; var_clk.v                        ; yes             ; User Verilog HDL File  ; C:/Users/Alex/Desktop/lab3/var_clk.v          ;
; tcounter.v                       ; yes             ; User Verilog HDL File  ; C:/Users/Alex/Desktop/lab3/tcounter.v         ;
; treg4bit.v                       ; yes             ; User Verilog HDL File  ; C:/Users/Alex/Desktop/lab3/treg4bit.v         ;
; tffp.v                           ; yes             ; User Verilog HDL File  ; C:/Users/Alex/Desktop/lab3/tffp.v             ;
; hex_to_seven_seg.v               ; yes             ; User Verilog HDL File  ; C:/Users/Alex/Desktop/lab3/hex_to_seven_seg.v ;
+----------------------------------+-----------------+------------------------+-----------------------------------------------+


+-----------------------------------------------------+
; Analysis & Synthesis Resource Usage Summary         ;
+---------------------------------------------+-------+
; Resource                                    ; Usage ;
+---------------------------------------------+-------+
; Estimated Total logic elements              ; 135   ;
;                                             ;       ;
; Total combinational functions               ; 135   ;
; Logic element usage by number of LUT inputs ;       ;
;     -- 4 input functions                    ; 101   ;
;     -- 3 input functions                    ; 23    ;
;     -- <=2 input functions                  ; 11    ;
;                                             ;       ;
; Logic elements by mode                      ;       ;
;     -- normal mode                          ; 135   ;
;     -- arithmetic mode                      ; 0     ;
;                                             ;       ;
; Total registers                             ; 52    ;
;     -- Dedicated logic registers            ; 52    ;
;     -- I/O registers                        ; 0     ;
;                                             ;       ;
; I/O pins                                    ; 83    ;
; Maximum fan-out node                        ; CLK50 ;
; Maximum fan-out                             ; 32    ;
; Total fan-out                               ; 683   ;
; Average fan-out                             ; 2.53  ;
+---------------------------------------------+-------+


+-----------------------------------------------------------------------------------------------------------------------------------------------------------------------------------------------------------------------+
; Analysis & Synthesis Resource Utilization by Entity                                                                                                                                                                   ;
+---------------------------------------+-------------------+--------------+-------------+--------------+---------+-----------+------+--------------+----------------------------------------------------+--------------+
; Compilation Hierarchy Node            ; LC Combinationals ; LC Registers ; Memory Bits ; DSP Elements ; DSP 9x9 ; DSP 18x18 ; Pins ; Virtual Pins ; Full Hierarchy Name                                ; Library Name ;
+---------------------------------------+-------------------+--------------+-------------+--------------+---------+-----------+------+--------------+----------------------------------------------------+--------------+
; |lab3                                 ; 135 (8)           ; 52 (0)       ; 0           ; 0            ; 0       ; 0         ; 83   ; 0            ; |lab3                                              ;              ;
;    |hex_to_seven_seg:centisecDisplay| ; 7 (7)             ; 0 (0)        ; 0           ; 0            ; 0       ; 0         ; 0    ; 0            ; |lab3|hex_to_seven_seg:centisecDisplay             ;              ;
;    |hex_to_seven_seg:decisecDisplay|  ; 7 (7)             ; 0 (0)        ; 0           ; 0            ; 0       ; 0         ; 0    ; 0            ; |lab3|hex_to_seven_seg:decisecDisplay              ;              ;
;    |hex_to_seven_seg:minDisplay|      ; 7 (7)             ; 0 (0)        ; 0           ; 0            ; 0       ; 0         ; 0    ; 0            ; |lab3|hex_to_seven_seg:minDisplay                  ;              ;
;    |hex_to_seven_seg:secDisplay|      ; 7 (7)             ; 0 (0)        ; 0           ; 0            ; 0       ; 0         ; 0    ; 0            ; |lab3|hex_to_seven_seg:secDisplay                  ;              ;
;    |hex_to_seven_seg:tensecDisplay|   ; 7 (7)             ; 0 (0)        ; 0           ; 0            ; 0       ; 0         ; 0    ; 0            ; |lab3|hex_to_seven_seg:tensecDisplay               ;              ;
;    |tcounter:M|                       ; 7 (3)             ; 4 (0)        ; 0           ; 0            ; 0       ; 0         ; 0    ; 0            ; |lab3|tcounter:M                                   ;              ;
;       |treg4bit:counter|              ; 4 (0)             ; 4 (0)        ; 0           ; 0            ; 0       ; 0         ; 0    ; 0            ; |lab3|tcounter:M|treg4bit:counter                  ;              ;
;          |tffp:reg0|                  ; 1 (1)             ; 1 (1)        ; 0           ; 0            ; 0       ; 0         ; 0    ; 0            ; |lab3|tcounter:M|treg4bit:counter|tffp:reg0        ;              ;
;          |tffp:reg1|                  ; 1 (1)             ; 1 (1)        ; 0           ; 0            ; 0       ; 0         ; 0    ; 0            ; |lab3|tcounter:M|treg4bit:counter|tffp:reg1        ;              ;
;          |tffp:reg2|                  ; 1 (1)             ; 1 (1)        ; 0           ; 0            ; 0       ; 0         ; 0    ; 0            ; |lab3|tcounter:M|treg4bit:counter|tffp:reg2        ;              ;
;          |tffp:reg3|                  ; 1 (1)             ; 1 (1)        ; 0           ; 0            ; 0       ; 0         ; 0    ; 0            ; |lab3|tcounter:M|treg4bit:counter|tffp:reg3        ;              ;
;    |tcounter:S0|                      ; 6 (1)             ; 4 (0)        ; 0           ; 0            ; 0       ; 0         ; 0    ; 0            ; |lab3|tcounter:S0                                  ;              ;
;       |treg4bit:counter|              ; 5 (0)             ; 4 (0)        ; 0           ; 0            ; 0       ; 0         ; 0    ; 0            ; |lab3|tcounter:S0|treg4bit:counter                 ;              ;
;          |tffp:reg0|                  ; 1 (1)             ; 1 (1)        ; 0           ; 0            ; 0       ; 0         ; 0    ; 0            ; |lab3|tcounter:S0|treg4bit:counter|tffp:reg0       ;              ;
;          |tffp:reg1|                  ; 2 (2)             ; 1 (1)        ; 0           ; 0            ; 0       ; 0         ; 0    ; 0            ; |lab3|tcounter:S0|treg4bit:counter|tffp:reg1       ;              ;
;          |tffp:reg2|                  ; 1 (1)             ; 1 (1)        ; 0           ; 0            ; 0       ; 0         ; 0    ; 0            ; |lab3|tcounter:S0|treg4bit:counter|tffp:reg2       ;              ;
;          |tffp:reg3|                  ; 1 (1)             ; 1 (1)        ; 0           ; 0            ; 0       ; 0         ; 0    ; 0            ; |lab3|tcounter:S0|treg4bit:counter|tffp:reg3       ;              ;
;    |tcounter:S1|                      ; 9 (2)             ; 4 (0)        ; 0           ; 0            ; 0       ; 0         ; 0    ; 0            ; |lab3|tcounter:S1                                  ;              ;
;       |treg4bit:counter|              ; 7 (0)             ; 4 (0)        ; 0           ; 0            ; 0       ; 0         ; 0    ; 0            ; |lab3|tcounter:S1|treg4bit:counter                 ;              ;
;          |tffp:reg0|                  ; 2 (2)             ; 1 (1)        ; 0           ; 0            ; 0       ; 0         ; 0    ; 0            ; |lab3|tcounter:S1|treg4bit:counter|tffp:reg0       ;              ;
;          |tffp:reg1|                  ; 1 (1)             ; 1 (1)        ; 0           ; 0            ; 0       ; 0         ; 0    ; 0            ; |lab3|tcounter:S1|treg4bit:counter|tffp:reg1       ;              ;
;          |tffp:reg2|                  ; 1 (1)             ; 1 (1)        ; 0           ; 0            ; 0       ; 0         ; 0    ; 0            ; |lab3|tcounter:S1|treg4bit:counter|tffp:reg2       ;              ;
;          |tffp:reg3|                  ; 3 (3)             ; 1 (1)        ; 0           ; 0            ; 0       ; 0         ; 0    ; 0            ; |lab3|tcounter:S1|treg4bit:counter|tffp:reg3       ;              ;
;    |tcounter:h0|                      ; 6 (1)             ; 4 (0)        ; 0           ; 0            ; 0       ; 0         ; 0    ; 0            ; |lab3|tcounter:h0                                  ;              ;
;       |treg4bit:counter|              ; 5 (0)             ; 4 (0)        ; 0           ; 0            ; 0       ; 0         ; 0    ; 0            ; |lab3|tcounter:h0|treg4bit:counter                 ;              ;
;          |tffp:reg0|                  ; 2 (2)             ; 1 (1)        ; 0           ; 0            ; 0       ; 0         ; 0    ; 0            ; |lab3|tcounter:h0|treg4bit:counter|tffp:reg0       ;              ;
;          |tffp:reg1|                  ; 1 (1)             ; 1 (1)        ; 0           ; 0            ; 0       ; 0         ; 0    ; 0            ; |lab3|tcounter:h0|treg4bit:counter|tffp:reg1       ;              ;
;          |tffp:reg2|                  ; 1 (1)             ; 1 (1)        ; 0           ; 0            ; 0       ; 0         ; 0    ; 0            ; |lab3|tcounter:h0|treg4bit:counter|tffp:reg2       ;              ;
;          |tffp:reg3|                  ; 1 (1)             ; 1 (1)        ; 0           ; 0            ; 0       ; 0         ; 0    ; 0            ; |lab3|tcounter:h0|treg4bit:counter|tffp:reg3       ;              ;
;    |tcounter:h1|                      ; 6 (2)             ; 4 (0)        ; 0           ; 0            ; 0       ; 0         ; 0    ; 0            ; |lab3|tcounter:h1                                  ;              ;
;       |treg4bit:counter|              ; 4 (0)             ; 4 (0)        ; 0           ; 0            ; 0       ; 0         ; 0    ; 0            ; |lab3|tcounter:h1|treg4bit:counter                 ;              ;
;          |tffp:reg0|                  ; 1 (1)             ; 1 (1)        ; 0           ; 0            ; 0       ; 0         ; 0    ; 0            ; |lab3|tcounter:h1|treg4bit:counter|tffp:reg0       ;              ;
;          |tffp:reg1|                  ; 1 (1)             ; 1 (1)        ; 0           ; 0            ; 0       ; 0         ; 0    ; 0            ; |lab3|tcounter:h1|treg4bit:counter|tffp:reg1       ;              ;
;          |tffp:reg2|                  ; 1 (1)             ; 1 (1)        ; 0           ; 0            ; 0       ; 0         ; 0    ; 0            ; |lab3|tcounter:h1|treg4bit:counter|tffp:reg2       ;              ;
;          |tffp:reg3|                  ; 1 (1)             ; 1 (1)        ; 0           ; 0            ; 0       ; 0         ; 0    ; 0            ; |lab3|tcounter:h1|treg4bit:counter|tffp:reg3       ;              ;
;    |var_clk:clockGenerator|           ; 58 (5)            ; 32 (1)       ; 0           ; 0            ; 0       ; 0         ; 0    ; 0            ; |lab3|var_clk:clockGenerator                       ;              ;
;       |pclock:counter_100Hz|          ; 7 (7)             ; 4 (4)        ; 0           ; 0            ; 0       ; 0         ; 0    ; 0            ; |lab3|var_clk:clockGenerator|pclock:counter_100Hz  ;              ;
;       |pclock:counter_100kHz|         ; 7 (7)             ; 4 (4)        ; 0           ; 0            ; 0       ; 0         ; 0    ; 0            ; |lab3|var_clk:clockGenerator|pclock:counter_100kHz ;              ;
;       |pclock:counter_10Hz|           ; 8 (8)             ; 4 (4)        ; 0           ; 0            ; 0       ; 0         ; 0    ; 0            ; |lab3|var_clk:clockGenerator|pclock:counter_10Hz   ;              ;
;       |pclock:counter_10MHz|          ; 5 (5)             ; 3 (3)        ; 0           ; 0            ; 0       ; 0         ; 0    ; 0            ; |lab3|var_clk:clockGenerator|pclock:counter_10MHz  ;              ;
;       |pclock:counter_10kHz|          ; 7 (7)             ; 4 (4)        ; 0           ; 0            ; 0       ; 0         ; 0    ; 0            ; |lab3|var_clk:clockGenerator|pclock:counter_10kHz  ;              ;
;       |pclock:counter_1Hz|            ; 5 (5)             ; 4 (4)        ; 0           ; 0            ; 0       ; 0         ; 0    ; 0            ; |lab3|var_clk:clockGenerator|pclock:counter_1Hz    ;              ;
;       |pclock:counter_1MHz|           ; 7 (7)             ; 4 (4)        ; 0           ; 0            ; 0       ; 0         ; 0    ; 0            ; |lab3|var_clk:clockGenerator|pclock:counter_1MHz   ;              ;
;       |pclock:counter_1kHz|           ; 7 (7)             ; 4 (4)        ; 0           ; 0            ; 0       ; 0         ; 0    ; 0            ; |lab3|var_clk:clockGenerator|pclock:counter_1kHz   ;              ;
+---------------------------------------+-------------------+--------------+-------------+--------------+---------+-----------+------+--------------+----------------------------------------------------+--------------+
Note: For table entries with two numbers listed, the numbers in parentheses indicate the number of resources of the given type used by the specific entity alone. The numbers listed outside of parentheses indicate the total resources of the given type used by the specific entity and all of its sub-entities in the hierarchy.


+-----------------------------------------------------------------------------------------------+
; Registers Removed During Synthesis                                                            ;
+------------------------------------------------------+----------------------------------------+
; Register name                                        ; Reason for Removal                     ;
+------------------------------------------------------+----------------------------------------+
; var_clk:clockGenerator|pclock:counter_10MHz|count[3] ; Stuck at GND due to stuck port data_in ;
; Total Number of Removed Registers = 1                ;                                        ;
+------------------------------------------------------+----------------------------------------+


+------------------------------------------------------+
; General Register Statistics                          ;
+----------------------------------------------+-------+
; Statistic                                    ; Value ;
+----------------------------------------------+-------+
; Total registers                              ; 52    ;
; Number of registers using Synchronous Clear  ; 0     ;
; Number of registers using Synchronous Load   ; 0     ;
; Number of registers using Asynchronous Clear ; 0     ;
; Number of registers using Asynchronous Load  ; 0     ;
; Number of registers using Clock Enable       ; 28    ;
; Number of registers using Preset             ; 0     ;
+----------------------------------------------+-------+


+------------------------------------------------------------------------------------------+
; Parameter Settings for User Entity Instance: var_clk:clockGenerator|pclock:counter_10MHz ;
+----------------+-------+-----------------------------------------------------------------+
; Parameter Name ; Value ; Type                                                            ;
+----------------+-------+-----------------------------------------------------------------+
; NCYCLES        ; 5     ; Signed Integer                                                  ;
+----------------+-------+-----------------------------------------------------------------+
Note: In order to hide this table in the UI and the text report file, please set the "Show Parameter Settings in Synthesis Report" option in "Analysis and Synthesis Settings -> More Settings" to "Off".


+-----------------------------------------------------------------------------------------+
; Parameter Settings for User Entity Instance: var_clk:clockGenerator|pclock:counter_1MHz ;
+----------------+-------+----------------------------------------------------------------+
; Parameter Name ; Value ; Type                                                           ;
+----------------+-------+----------------------------------------------------------------+
; NCYCLES        ; 10    ; Signed Integer                                                 ;
+----------------+-------+----------------------------------------------------------------+
Note: In order to hide this table in the UI and the text report file, please set the "Show Parameter Settings in Synthesis Report" option in "Analysis and Synthesis Settings -> More Settings" to "Off".


+-------------------------------------------------------------------------------------------+
; Parameter Settings for User Entity Instance: var_clk:clockGenerator|pclock:counter_100kHz ;
+----------------+-------+------------------------------------------------------------------+
; Parameter Name ; Value ; Type                                                             ;
+----------------+-------+------------------------------------------------------------------+
; NCYCLES        ; 10    ; Signed Integer                                                   ;
+----------------+-------+------------------------------------------------------------------+
Note: In order to hide this table in the UI and the text report file, please set the "Show Parameter Settings in Synthesis Report" option in "Analysis and Synthesis Settings -> More Settings" to "Off".


+------------------------------------------------------------------------------------------+
; Parameter Settings for User Entity Instance: var_clk:clockGenerator|pclock:counter_10kHz ;
+----------------+-------+-----------------------------------------------------------------+
; Parameter Name ; Value ; Type                                                            ;
+----------------+-------+-----------------------------------------------------------------+
; NCYCLES        ; 10    ; Signed Integer                                                  ;
+----------------+-------+-----------------------------------------------------------------+
Note: In order to hide this table in the UI and the text report file, please set the "Show Parameter Settings in Synthesis Report" option in "Analysis and Synthesis Settings -> More Settings" to "Off".


+-----------------------------------------------------------------------------------------+
; Parameter Settings for User Entity Instance: var_clk:clockGenerator|pclock:counter_1kHz ;
+----------------+-------+----------------------------------------------------------------+
; Parameter Name ; Value ; Type                                                           ;
+----------------+-------+----------------------------------------------------------------+
; NCYCLES        ; 10    ; Signed Integer                                                 ;
+----------------+-------+----------------------------------------------------------------+
Note: In order to hide this table in the UI and the text report file, please set the "Show Parameter Settings in Synthesis Report" option in "Analysis and Synthesis Settings -> More Settings" to "Off".


+------------------------------------------------------------------------------------------+
; Parameter Settings for User Entity Instance: var_clk:clockGenerator|pclock:counter_100Hz ;
+----------------+-------+-----------------------------------------------------------------+
; Parameter Name ; Value ; Type                                                            ;
+----------------+-------+-----------------------------------------------------------------+
; NCYCLES        ; 10    ; Signed Integer                                                  ;
+----------------+-------+-----------------------------------------------------------------+
Note: In order to hide this table in the UI and the text report file, please set the "Show Parameter Settings in Synthesis Report" option in "Analysis and Synthesis Settings -> More Settings" to "Off".


+-----------------------------------------------------------------------------------------+
; Parameter Settings for User Entity Instance: var_clk:clockGenerator|pclock:counter_10Hz ;
+----------------+-------+----------------------------------------------------------------+
; Parameter Name ; Value ; Type                                                           ;
+----------------+-------+----------------------------------------------------------------+
; NCYCLES        ; 10    ; Signed Integer                                                 ;
+----------------+-------+----------------------------------------------------------------+
Note: In order to hide this table in the UI and the text report file, please set the "Show Parameter Settings in Synthesis Report" option in "Analysis and Synthesis Settings -> More Settings" to "Off".


+----------------------------------------------------------------------------------------+
; Parameter Settings for User Entity Instance: var_clk:clockGenerator|pclock:counter_1Hz ;
+----------------+-------+---------------------------------------------------------------+
; Parameter Name ; Value ; Type                                                          ;
+----------------+-------+---------------------------------------------------------------+
; NCYCLES        ; 10    ; Signed Integer                                                ;
+----------------+-------+---------------------------------------------------------------+
Note: In order to hide this table in the UI and the text report file, please set the "Show Parameter Settings in Synthesis Report" option in "Analysis and Synthesis Settings -> More Settings" to "Off".


+-------------------------------------------------------------------------------------------------------------------+
; Port Connectivity Checks: "var_clk:clockGenerator|pclock:counter_1Hz"                                             ;
+---------+--------+----------+-------------------------------------------------------------------------------------+
; Port    ; Type   ; Severity ; Details                                                                             ;
+---------+--------+----------+-------------------------------------------------------------------------------------+
; rco_out ; Output ; Info     ; Connected to dangling logic. Logic that only feeds a dangling port will be removed. ;
+---------+--------+----------+-------------------------------------------------------------------------------------+


+-------------------------------------------------------------------------+
; Port Connectivity Checks: "var_clk:clockGenerator|pclock:counter_10MHz" ;
+------+-------+----------+-----------------------------------------------+
; Port ; Type  ; Severity ; Details                                       ;
+------+-------+----------+-----------------------------------------------+
; EN   ; Input ; Info     ; Stuck at VCC                                  ;
+------+-------+----------+-----------------------------------------------+


+-----------------------------------------+
; Port Connectivity Checks: "tcounter:h0" ;
+------+-------+----------+---------------+
; Port ; Type  ; Severity ; Details       ;
+------+-------+----------+---------------+
; ENT  ; Input ; Info     ; Stuck at VCC  ;
+------+-------+----------+---------------+


+-------------------------------+
; Elapsed Time Per Partition    ;
+----------------+--------------+
; Partition Name ; Elapsed Time ;
+----------------+--------------+
; Top            ; 00:00:00     ;
+----------------+--------------+


+-------------------------------+
; Analysis & Synthesis Messages ;
+-------------------------------+
Info: *******************************************************************
Info: Running Quartus II Analysis & Synthesis
    Info: Version 11.0 Build 208 07/03/2011 Service Pack 1 SJ Web Edition
    Info: Processing started: Mon Mar 10 14:14:54 2014
Info: Command: quartus_map --read_settings_files=on --write_settings_files=off lab3 -c lab3
Warning: Parallel compilation is not licensed and has been disabled
Info: Found 1 design units, including 1 entities, in source file lab3.v
    Info: Found entity 1: lab3
Info: Found 2 design units, including 2 entities, in source file var_clk.v
    Info: Found entity 1: var_clk
    Info: Found entity 2: pclock
Info: Found 1 design units, including 1 entities, in source file tcounter.v
    Info: Found entity 1: tcounter
Info: Found 1 design units, including 1 entities, in source file treg4bit.v
    Info: Found entity 1: treg4bit
Info: Found 1 design units, including 1 entities, in source file tffp.v
    Info: Found entity 1: tffp
Info: Found 1 design units, including 1 entities, in source file hex_to_seven_seg.v
    Info: Found entity 1: hex_to_seven_seg
Info: Elaborating entity "lab3" for the top level hierarchy
Info: Elaborating entity "tcounter" for hierarchy "tcounter:h0"
Info: Elaborating entity "treg4bit" for hierarchy "tcounter:h0|treg4bit:counter"
Info: Elaborating entity "tffp" for hierarchy "tcounter:h0|treg4bit:counter|tffp:reg0"
Info: Elaborating entity "var_clk" for hierarchy "var_clk:clockGenerator"
Info: Elaborating entity "pclock" for hierarchy "var_clk:clockGenerator|pclock:counter_10MHz"
Info: Elaborating entity "pclock" for hierarchy "var_clk:clockGenerator|pclock:counter_1MHz"
Info: Elaborating entity "hex_to_seven_seg" for hierarchy "hex_to_seven_seg:minDisplay"
Info: Ignored 20 buffer(s)
    Info: Ignored 20 SOFT buffer(s)
Warning: Output pins are stuck at VCC or GND
    Warning (13410): Pin "HEX7[0]" is stuck at GND
    Warning (13410): Pin "HEX7[1]" is stuck at GND
    Warning (13410): Pin "HEX7[2]" is stuck at GND
    Warning (13410): Pin "HEX7[3]" is stuck at GND
    Warning (13410): Pin "HEX7[4]" is stuck at GND
    Warning (13410): Pin "HEX7[5]" is stuck at GND
    Warning (13410): Pin "HEX7[6]" is stuck at GND
    Warning (13410): Pin "HEX6[0]" is stuck at GND
    Warning (13410): Pin "HEX6[1]" is stuck at GND
    Warning (13410): Pin "HEX6[2]" is stuck at GND
    Warning (13410): Pin "HEX6[3]" is stuck at GND
    Warning (13410): Pin "HEX6[4]" is stuck at GND
    Warning (13410): Pin "HEX6[5]" is stuck at GND
    Warning (13410): Pin "HEX6[6]" is stuck at GND
    Warning (13410): Pin "HEX5[0]" is stuck at GND
    Warning (13410): Pin "HEX5[1]" is stuck at GND
    Warning (13410): Pin "HEX5[2]" is stuck at GND
    Warning (13410): Pin "HEX5[3]" is stuck at GND
    Warning (13410): Pin "HEX5[4]" is stuck at GND
    Warning (13410): Pin "HEX5[5]" is stuck at GND
    Warning (13410): Pin "HEX5[6]" is stuck at GND
Info: Generating hard_block partition "hard_block:auto_generated_inst"
Info: Implemented 218 device resources after synthesis - the final resource count might be different
    Info: Implemented 6 input pins
    Info: Implemented 77 output pins
    Info: Implemented 135 logic cells
Info: Quartus II Analysis & Synthesis was successful. 0 errors, 23 warnings
    Info: Peak virtual memory: 259 megabytes
    Info: Processing ended: Mon Mar 10 14:14:56 2014
    Info: Elapsed time: 00:00:02
    Info: Total CPU time (on all processors): 00:00:02


