Flow report for treg4bit
Thu Feb 27 03:01:03 2014
Quartus II Version 11.0 Build 208 07/03/2011 Service Pack 1 SJ Web Edition


---------------------
; Table of Contents ;
---------------------
  1. Legal Notice
  2. Flow Summary
  3. Flow Settings
  4. Flow Non-Default Global Settings
  5. Flow Elapsed Time
  6. Flow OS Summary
  7. Flow Log



----------------
; Legal Notice ;
----------------
Copyright (C) 1991-2011 Altera Corporation
Your use of Altera Corporation's design tools, logic functions 
and other software and tools, and its AMPP partner logic 
functions, and any output files from any of the foregoing 
(including device programming or simulation files), and any 
associated documentation or information are expressly subject 
to the terms and conditions of the Altera Program License 
Subscription Agreement, Altera MegaCore Function License 
Agreement, or other applicable license agreement, including, 
without limitation, that your use is for the sole purpose of 
programming logic devices manufactured by Altera and sold by 
Altera or its authorized distributors.  Please refer to the 
applicable agreement for further details.



+------------------------------------------------------------------------------------+
; Flow Summary                                                                       ;
+------------------------------------+-----------------------------------------------+
; Flow Status                        ; Successful - Thu Feb 27 03:01:03 2014         ;
; Quartus II Version                 ; 11.0 Build 208 07/03/2011 SP 1 SJ Web Edition ;
; Revision Name                      ; treg4bit                                      ;
; Top-level Entity Name              ; treg4bit                                      ;
; Family                             ; Cyclone II                                    ;
; Device                             ; EP2C35F672C6                                  ;
; Timing Models                      ; Final                                         ;
; Total logic elements               ; 4 / 33,216 ( < 1 % )                          ;
;     Total combinational functions  ; 4 / 33,216 ( < 1 % )                          ;
;     Dedicated logic registers      ; 4 / 33,216 ( < 1 % )                          ;
; Total registers                    ; 4                                             ;
; Total pins                         ; 10 / 475 ( 2 % )                              ;
; Total virtual pins                 ; 0                                             ;
; Total memory bits                  ; 0 / 483,840 ( 0 % )                           ;
; Embedded Multiplier 9-bit elements ; 0 / 70 ( 0 % )                                ;
; Total PLLs                         ; 0 / 4 ( 0 % )                                 ;
+------------------------------------+-----------------------------------------------+


+-----------------------------------------+
; Flow Settings                           ;
+-------------------+---------------------+
; Option            ; Setting             ;
+-------------------+---------------------+
; Start date & time ; 02/27/2014 03:00:55 ;
; Main task         ; Compilation         ;
; Revision Name     ; treg4bit            ;
+-------------------+---------------------+


+-----------------------------------------------------------------------------------------------------------------------------+
; Flow Non-Default Global Settings                                                                                            ;
+--------------------------------------+---------------------------------------+---------------+-------------+----------------+
; Assignment Name                      ; Value                                 ; Default Value ; Entity Name ; Section Id     ;
+--------------------------------------+---------------------------------------+---------------+-------------+----------------+
; COMPILER_SIGNATURE_ID                ; 22061634306653.139348805504392        ; --            ; --          ; --             ;
; EDA_DESIGN_INSTANCE_NAME             ; UUT                                   ; --            ; --          ; treg4bit_test  ;
; EDA_NATIVELINK_SIMULATION_TEST_BENCH ; treg4bit_test                         ; --            ; --          ; eda_simulation ;
; EDA_OUTPUT_DATA_FORMAT               ; Verilog Hdl                           ; --            ; --          ; eda_simulation ;
; EDA_SIMULATION_TOOL                  ; ModelSim-Altera (Verilog)             ; <None>        ; --          ; --             ;
; EDA_TEST_BENCH_ENABLE_STATUS         ; TEST_BENCH_MODE                       ; --            ; --          ; eda_simulation ;
; EDA_TEST_BENCH_FILE                  ; treg4bit_test.v                       ; --            ; --          ; treg4bit_test  ;
; EDA_TEST_BENCH_MODULE_NAME           ; treg4bit_test                         ; --            ; --          ; treg4bit_test  ;
; EDA_TEST_BENCH_NAME                  ; treg4bit_test                         ; --            ; --          ; eda_simulation ;
; EDA_TIME_SCALE                       ; 10 ns                                 ; --            ; --          ; eda_simulation ;
; MAX_CORE_JUNCTION_TEMP               ; 85                                    ; --            ; --          ; --             ;
; MIN_CORE_JUNCTION_TEMP               ; 0                                     ; --            ; --          ; --             ;
; PARTITION_COLOR                      ; 16764057                              ; --            ; --          ; Top            ;
; PARTITION_FITTER_PRESERVATION_LEVEL  ; PLACEMENT_AND_ROUTING                 ; --            ; --          ; Top            ;
; PARTITION_NETLIST_TYPE               ; SOURCE                                ; --            ; --          ; Top            ;
; POWER_BOARD_THERMAL_MODEL            ; None (CONSERVATIVE)                   ; --            ; --          ; --             ;
; POWER_PRESET_COOLING_SOLUTION        ; 23 MM HEAT SINK WITH 200 LFPM AIRFLOW ; --            ; --          ; --             ;
+--------------------------------------+---------------------------------------+---------------+-------------+----------------+


+-------------------------------------------------------------------------------------------------------------------------------+
; Flow Elapsed Time                                                                                                             ;
+---------------------------+--------------+-------------------------+---------------------+------------------------------------+
; Module Name               ; Elapsed Time ; Average Processors Used ; Peak Virtual Memory ; Total CPU Time (on all processors) ;
+---------------------------+--------------+-------------------------+---------------------+------------------------------------+
; Analysis & Synthesis      ; 00:00:00     ; 1.0                     ; 255 MB              ; 00:00:00                           ;
; Fitter                    ; 00:00:04     ; 1.0                     ; 354 MB              ; 00:00:03                           ;
; TimeQuest Timing Analyzer ; 00:00:00     ; 1.0                     ; 256 MB              ; 00:00:01                           ;
; Assembler                 ; 00:00:01     ; 1.0                     ; 297 MB              ; 00:00:02                           ;
; EDA Netlist Writer        ; 00:00:00     ; 1.0                     ; 217 MB              ; 00:00:00                           ;
; Total                     ; 00:00:05     ; --                      ; --                  ; 00:00:06                           ;
+---------------------------+--------------+-------------------------+---------------------+------------------------------------+


+----------------------------------------------------------------------------------------+
; Flow OS Summary                                                                        ;
+---------------------------+------------------+-----------+------------+----------------+
; Module Name               ; Machine Hostname ; OS Name   ; OS Version ; Processor type ;
+---------------------------+------------------+-----------+------------+----------------+
; Analysis & Synthesis      ; Retina-7         ; Windows 7 ; 6.1        ; x86_64         ;
; Fitter                    ; Retina-7         ; Windows 7 ; 6.1        ; x86_64         ;
; TimeQuest Timing Analyzer ; Retina-7         ; Windows 7 ; 6.1        ; x86_64         ;
; Assembler                 ; Retina-7         ; Windows 7 ; 6.1        ; x86_64         ;
; EDA Netlist Writer        ; Retina-7         ; Windows 7 ; 6.1        ; x86_64         ;
+---------------------------+------------------+-----------+------------+----------------+


------------
; Flow Log ;
------------
quartus_map --read_settings_files=on --write_settings_files=off treg4bit -c treg4bit
quartus_fit --read_settings_files=off --write_settings_files=off treg4bit -c treg4bit
quartus_sta treg4bit -c treg4bit
quartus_asm --read_settings_files=off --write_settings_files=off treg4bit -c treg4bit
quartus_eda --read_settings_files=off --write_settings_files=off treg4bit -c treg4bit



